<?xml version="1.0" encoding="UTF-8"?>
<!-- Generated by org.testng.reporters.JUnitReportReporter -->
<testsuite hostname="DESKTOP-VUHVFPU" failures="0" tests="1" name="org.altairretro.practice.Shadow_practice1" time="4.112" errors="0" timestamp="2022-09-30T10:14:19 IST" skipped="0">
  <testcase classname="org.altairretro.practice.Shadow_practice1" name="main1" time="4.112"/>
  <system-out/>
</testsuite> <!-- org.altairretro.practice.Shadow_practice1 -->
