<?xml version="1.0" encoding="UTF-8"?>
<!-- Generated by org.testng.reporters.JUnitReportReporter -->
<testsuite hostname="DESKTOP-VUHVFPU" failures="0" tests="3" name="org.altairretro.practice.Seleniumgrid" time="34.756" errors="0" timestamp="2022-09-28T15:54:32 IST" skipped="0">
  <testcase classname="org.altairretro.practice.Seleniumgrid" name="test1" time="10.916"/>
  <system-out/>
  <testcase classname="org.altairretro.practice.Seleniumgrid" name="test1" time="11.585"/>
  <system-out/>
  <testcase classname="org.altairretro.practice.Seleniumgrid" name="test1" time="12.255"/>
  <system-out/>
</testsuite> <!-- org.altairretro.practice.Seleniumgrid -->
