<?xml version="1.0" encoding="UTF-8"?>
<!-- Generated by org.testng.reporters.JUnitReportReporter -->
<testsuite hostname="DESKTOP-VUHVFPU" failures="0" tests="8" name="org.altairretro.practice.TestngBasicTest" time="0.097" errors="0" timestamp="2022-09-20T13:02:23 IST" skipped="1">
  <testcase classname="org.altairretro.practice.TestngBasicTest" name="main1test" time="0.012"/>
  <system-out/>
  <testcase classname="org.altairretro.practice.TestngBasicTest" name="main1test" time="0.018"/>
  <system-out/>
  <testcase classname="org.altairretro.practice.TestngBasicTest" name="main1test" time="0.014"/>
  <system-out/>
  <testcase classname="org.altairretro.practice.TestngBasicTest" name="main1test" time="0.007"/>
  <system-out/>
  <testcase classname="org.altairretro.practice.TestngBasicTest" name="main1test" time="0.015"/>
  <system-out/>
  <testcase classname="org.altairretro.practice.TestngBasicTest" name="main1test" time="0.010"/>
  <system-out/>
  <testcase classname="org.altairretro.practice.TestngBasicTest" name="main1test" time="0.021"/>
  <system-out/>
  <testcase classname="org.altairretro.practice.TestngBasicTest" name="main2test">
    <skipped/>
  </testcase> <!-- main2test -->
  <system-out/>
</testsuite> <!-- org.altairretro.practice.TestngBasicTest -->
