<?xml version="1.0" encoding="UTF-8"?>
<!-- Generated by org.testng.reporters.JUnitReportReporter -->
<testsuite hostname="DESKTOP-VUHVFPU" failures="0" tests="7" name="org.altairretro.practice.DataProviderPractice" time="0.011" errors="0" timestamp="2022-11-03T12:33:13 IST" skipped="0">
  <testcase classname="org.altairretro.practice.DataProviderPractice" name="main" time="0.000"/>
  <system-out/>
  <testcase classname="org.altairretro.practice.DataProviderPractice" name="main" time="0.001"/>
  <system-out/>
  <testcase classname="org.altairretro.practice.DataProviderPractice" name="main" time="0.007"/>
  <system-out/>
  <testcase classname="org.altairretro.practice.DataProviderPractice" name="main" time="0.000"/>
  <system-out/>
  <testcase classname="org.altairretro.practice.DataProviderPractice" name="main" time="0.001"/>
  <system-out/>
  <testcase classname="org.altairretro.practice.DataProviderPractice" name="main" time="0.001"/>
  <system-out/>
  <testcase classname="org.altairretro.practice.DataProviderPractice" name="main" time="0.001"/>
  <system-out/>
</testsuite> <!-- org.altairretro.practice.DataProviderPractice -->
