<?xml version="1.0" encoding="UTF-8"?>
<!-- Generated by org.testng.reporters.JUnitReportReporter -->
<testsuite hostname="DESKTOP-VUHVFPU" failures="0" tests="8" name="org.altairretro.practice.TestngBasicTest" time="0.010" errors="0" timestamp="2022-09-26T17:25:46 IST" skipped="1">
  <testcase classname="org.altairretro.practice.TestngBasicTest" name="main1test" time="0.001"/>
  <system-out/>
  <testcase classname="org.altairretro.practice.TestngBasicTest" name="main1test" time="0.001"/>
  <system-out/>
  <testcase classname="org.altairretro.practice.TestngBasicTest" name="main1test" time="0.000"/>
  <system-out/>
  <testcase classname="org.altairretro.practice.TestngBasicTest" name="main1test" time="0.005"/>
  <system-out/>
  <testcase classname="org.altairretro.practice.TestngBasicTest" name="main1test" time="0.000"/>
  <system-out/>
  <testcase classname="org.altairretro.practice.TestngBasicTest" name="main1test" time="0.001"/>
  <system-out/>
  <testcase classname="org.altairretro.practice.TestngBasicTest" name="main1test" time="0.002"/>
  <system-out/>
  <testcase classname="org.altairretro.practice.TestngBasicTest" name="main2test">
    <skipped/>
  </testcase> <!-- main2test -->
  <system-out/>
</testsuite> <!-- org.altairretro.practice.TestngBasicTest -->
