<?xml version="1.0" encoding="UTF-8"?>
<!-- Generated by org.testng.reporters.JUnitReportReporter -->
<testsuite hostname="DESKTOP-VUHVFPU" failures="0" tests="2" name="org.altairretro.practice.TestngPracticetest" time="0.008" errors="0" timestamp="2022-09-20T13:02:23 IST" skipped="0">
  <testcase classname="org.altairretro.practice.TestngPracticetest" name="main2test" time="0.005"/>
  <system-out/>
  <testcase classname="org.altairretro.practice.TestngPracticetest" name="main8test" time="0.003"/>
  <system-out/>
</testsuite> <!-- org.altairretro.practice.TestngPracticetest -->
