<?xml version="1.0" encoding="UTF-8"?>
<!-- Generated by org.testng.reporters.JUnitReportReporter -->
<testsuite hostname="DESKTOP-VUHVFPU" failures="0" tests="8" name="org.altairretro.practice.TestngBasic" time="0.074" errors="0" timestamp="2022-09-20T12:08:09 IST" skipped="1">
  <testcase classname="org.altairretro.practice.TestngBasic" name="main1test" time="0.012"/>
  <system-out/>
  <testcase classname="org.altairretro.practice.TestngBasic" name="main1test" time="0.014"/>
  <system-out/>
  <testcase classname="org.altairretro.practice.TestngBasic" name="main1test" time="0.013"/>
  <system-out/>
  <testcase classname="org.altairretro.practice.TestngBasic" name="main1test" time="0.005"/>
  <system-out/>
  <testcase classname="org.altairretro.practice.TestngBasic" name="main1test" time="0.008"/>
  <system-out/>
  <testcase classname="org.altairretro.practice.TestngBasic" name="main1test" time="0.010"/>
  <system-out/>
  <testcase classname="org.altairretro.practice.TestngBasic" name="main1test" time="0.012"/>
  <system-out/>
  <testcase classname="org.altairretro.practice.TestngBasic" name="main2test">
    <skipped/>
  </testcase> <!-- main2test -->
  <system-out/>
</testsuite> <!-- org.altairretro.practice.TestngBasic -->
