<?xml version="1.0" encoding="UTF-8"?>
<!-- Generated by org.testng.reporters.JUnitReportReporter -->
<testsuite hostname="DESKTOP-VUHVFPU" failures="0" tests="1" name="org.altairretro.practice.Seleniumgrid" time="12.856" errors="0" timestamp="2022-11-22T14:59:56 IST" skipped="0">
  <testcase classname="org.altairretro.practice.Seleniumgrid" name="test1" time="12.856"/>
  <system-out/>
</testsuite> <!-- org.altairretro.practice.Seleniumgrid -->
