<?xml version="1.0" encoding="UTF-8"?>
<!-- Generated by org.testng.reporters.JUnitReportReporter -->
<testsuite hostname="DESKTOP-VUHVFPU" failures="0" tests="1" name="org.altairretro.practice.Tc22" time="3.223" errors="0" timestamp="2022-09-14T20:03:05 IST" skipped="0">
  <testcase classname="org.altairretro.practice.Tc22" name="main" time="3.223"/>
  <system-out/>
</testsuite> <!-- org.altairretro.practice.Tc22 -->
