<?xml version="1.0" encoding="UTF-8"?>
<!-- Generated by org.testng.reporters.JUnitReportReporter -->
<testsuite hostname="DESKTOP-VUHVFPU" failures="0" tests="1" name="org.altairretro.practice.CashPos" time="3.123" errors="0" timestamp="2022-09-15T11:44:53 IST" skipped="0">
  <testcase classname="org.altairretro.practice.CashPos" name="main" time="3.123"/>
  <system-out/>
</testsuite> <!-- org.altairretro.practice.CashPos -->
