<?xml version="1.0" encoding="UTF-8"?>
<!-- Generated by org.testng.reporters.JUnitReportReporter -->
<testsuite hostname="DESKTOP-VUHVFPU" failures="0" tests="1" name="org.altairretro.practice.Tc33" time="7.526" errors="0" timestamp="2022-09-14T20:14:17 IST" skipped="0">
  <testcase classname="org.altairretro.practice.Tc33" name="main" time="7.526"/>
  <system-out/>
</testsuite> <!-- org.altairretro.practice.Tc33 -->
