<?xml version="1.0" encoding="UTF-8"?>
<!-- Generated by org.testng.reporters.JUnitReportReporter -->
<testsuite hostname="DESKTOP-VUHVFPU" failures="0" tests="1" name="org.altairretro.TestNG.CashPostest" time="4.963" errors="0" timestamp="2022-09-16T12:25:39 IST" skipped="0">
  <testcase classname="org.altairretro.TestNG.CashPostest" name="main" time="4.963"/>
  <system-out/>
</testsuite> <!-- org.altairretro.TestNG.CashPostest -->
