<?xml version="1.0" encoding="UTF-8"?>
<!-- Generated by org.testng.reporters.JUnitReportReporter -->
<testsuite hostname="DESKTOP-VUHVFPU" failures="0" tests="1" name="org.altairretro.practice.Shadow_practice" time="2.874" errors="0" timestamp="2022-09-30T06:43:12 IST" skipped="0">
  <testcase classname="org.altairretro.practice.Shadow_practice" name="main" time="2.874"/>
  <system-out/>
</testsuite> <!-- org.altairretro.practice.Shadow_practice -->
