<?xml version="1.0" encoding="UTF-8"?>
<!-- Generated by org.testng.reporters.JUnitReportReporter -->
<testsuite skipped="0" hostname="DESKTOP-VUHVFPU" name="org.altairretro.practice.CmdDataSendTest" tests="1" failures="0" timestamp="2022-09-20T16:02:58 IST" time="5.431" errors="0">
  <testcase name="step1Test" time="5.431" classname="org.altairretro.practice.CmdDataSendTest"/>
  <system-out/>
</testsuite> <!-- org.altairretro.practice.CmdDataSendTest -->
