<?xml version="1.0" encoding="UTF-8"?>
<!-- Generated by org.testng.reporters.JUnitReportReporter -->
<testsuite skipped="1" hostname="DESKTOP-VUHVFPU" name="org.altairretro.practice.TestngBasicTest" tests="8" failures="0" timestamp="2022-09-21T16:54:30 IST" time="0.003" errors="0">
  <testcase name="main1test" time="0.001" classname="org.altairretro.practice.TestngBasicTest"/>
  <system-out/>
  <testcase name="main1test" time="0.000" classname="org.altairretro.practice.TestngBasicTest"/>
  <system-out/>
  <testcase name="main1test" time="0.001" classname="org.altairretro.practice.TestngBasicTest"/>
  <system-out/>
  <testcase name="main1test" time="0.000" classname="org.altairretro.practice.TestngBasicTest"/>
  <system-out/>
  <testcase name="main1test" time="0.000" classname="org.altairretro.practice.TestngBasicTest"/>
  <system-out/>
  <testcase name="main1test" time="0.001" classname="org.altairretro.practice.TestngBasicTest"/>
  <system-out/>
  <testcase name="main1test" time="0.000" classname="org.altairretro.practice.TestngBasicTest"/>
  <system-out/>
  <testcase name="main2test" classname="org.altairretro.practice.TestngBasicTest">
    <skipped/>
  </testcase> <!-- main2test -->
  <system-out/>
</testsuite> <!-- org.altairretro.practice.TestngBasicTest -->
