<?xml version="1.0" encoding="UTF-8"?>
<!-- Generated by org.testng.reporters.JUnitReportReporter -->
<testsuite skipped="0" hostname="DESKTOP-VUHVFPU" name="org.altairretro.practice.CashPostest" tests="1" failures="0" timestamp="2022-09-20T14:22:57 IST" time="5.348" errors="0">
  <testcase name="main" time="5.348" classname="org.altairretro.practice.CashPostest"/>
  <system-out/>
</testsuite> <!-- org.altairretro.practice.CashPostest -->
