<?xml version="1.0" encoding="UTF-8"?>
<!-- Generated by org.testng.reporters.JUnitReportReporter -->
<testsuite skipped="0" hostname="DESKTOP-VUHVFPU" name="org.altairretro.practice.TestngPracticetest" tests="2" failures="0" timestamp="2022-09-21T16:54:30 IST" time="0.001" errors="0">
  <testcase name="main2test" time="0.001" classname="org.altairretro.practice.TestngPracticetest"/>
  <system-out/>
  <testcase name="main8test" time="0.000" classname="org.altairretro.practice.TestngPracticetest"/>
  <system-out/>
</testsuite> <!-- org.altairretro.practice.TestngPracticetest -->
